<?xml version="1.0" encoding="UTF-8"?>
<!-- Generated by org.testng.reporters.JUnitReportReporter -->
<testsuite hostname="nagendra-ThinkPad-X220" name="com.qa.test.ExampleTest" tests="1" failures="0" timestamp="1 Jun 2018 17:24:49 GMT" time="6.670" errors="0">
  <testcase name="testGet" time="6.670" classname="com.qa.test.ExampleTest"/>
</testsuite> <!-- com.qa.test.ExampleTest -->
